<?xml version="1.0" encoding="UTF-8"?>
<!-- Generated by org.testng.reporters.JUnitXMLReporter -->
<testsuite hostname="DESKTOP-UFF3PBV" ignored="0" name="Default test" tests="3" failures="0" timestamp="01 Nov 2018 09:02:00 GMT" time="35.522" errors="0">
  <testcase name="Step01" time="16.002" classname="com.proj.demo.AppTest"/>
  <testcase name="Step02" time="4.799" classname="com.proj.demo.AppTest"/>
  <testcase name="Step03" time="0.004" classname="com.proj.demo.AppTest"/>
</testsuite> <!-- Default test -->
