<?xml version="1.0" encoding="UTF-8"?>
<testng-results skipped="0" failed="0" ignored="0" total="3" passed="3">
  <reporter-output>
  </reporter-output>
  <suite name="Default suite" duration-ms="35522" started-at="2018-11-01T09:01:15Z" finished-at="2018-11-01T09:01:51Z">
    <groups>
    </groups>
    <test name="Default test" duration-ms="35522" started-at="2018-11-01T09:01:15Z" finished-at="2018-11-01T09:01:51Z">
      <class name="com.proj.demo.AppTest">
        <test-method status="PASS" signature="run1()[pri:0, instance:com.proj.demo.AppTest@754ba872]" name="run1" is-config="true" duration-ms="14666" started-at="2018-11-01T09:01:16Z" finished-at="2018-11-01T09:01:30Z">
          <reporter-output>
          </reporter-output>
        </test-method> <!-- run1 -->
        <test-method status="PASS" signature="Step01()[pri:0, instance:com.proj.demo.AppTest@754ba872]" name="Step01" duration-ms="16002" started-at="2018-11-01T09:01:30Z" finished-at="2018-11-01T09:01:46Z">
          <reporter-output>
          </reporter-output>
        </test-method> <!-- Step01 -->
        <test-method status="PASS" signature="Step02()[pri:0, instance:com.proj.demo.AppTest@754ba872]" name="Step02" duration-ms="4799" started-at="2018-11-01T09:01:46Z" finished-at="2018-11-01T09:01:51Z">
          <reporter-output>
          </reporter-output>
        </test-method> <!-- Step02 -->
        <test-method status="PASS" signature="Step03()[pri:0, instance:com.proj.demo.AppTest@754ba872]" name="Step03" duration-ms="4" started-at="2018-11-01T09:01:51Z" finished-at="2018-11-01T09:01:51Z">
          <reporter-output>
          </reporter-output>
        </test-method> <!-- Step03 -->
      </class> <!-- com.proj.demo.AppTest -->
    </test> <!-- Default test -->
  </suite> <!-- Default suite -->
</testng-results>
